# JRE version: OpenJDK Runtime Environment (8.0_76-b03) (build 1.8.0_76-release-b03)
# Java VM: OpenJDK 64-Bit Server VM (25.76-b03 mixed mode windows-amd64 compressed oops)
Heap:
 PSYoungGen      total 291328K, used 54625K [0x00000000eab00000, 0x00000000ffa00000, 0x0000000100000000)
  eden space 279552K, 15% used [0x00000000eab00000,0x00000000ed544450,0x00000000fbc00000)
  from space 11776K, 96% used [0x00000000fbc00000,0x00000000fc714010,0x00000000fc780000)
  to   space 31744K, 0% used [0x00000000fdb00000,0x00000000fdb00000,0x00000000ffa00000)
 ParOldGen       total 159232K, used 39164K [0x00000000c0000000, 0x00000000c9b80000, 0x00000000eab00000)
  object space 159232K, 24% used [0x00000000c0000000,0x00000000c263f260,0x00000000c9b80000)
 Metaspace       used 86732K, capacity 92158K, committed 97328K, reserved 1134592K
  class space    used 11092K, capacity 11880K, committed 13104K, reserved 1048576K
GC Heap History (10 events):
Event: 9110.162 GC heap before
{Heap before GC invocations=47 (full 16):
 PSYoungGen      total 311808K, used 189940K [0x00000000eab00000, 0x0000000100000000, 0x0000000100000000)
  eden space 274432K, 69% used [0x00000000eab00000,0x00000000f647d090,0x00000000fb700000)
  from space 37376K, 0% used [0x00000000fdb80000,0x00000000fdb80000,0x0000000100000000)
  to   space 37376K, 0% used [0x00000000fb700000,0x00000000fb700000,0x00000000fdb80000)
 ParOldGen       total 159232K, used 39110K [0x00000000c0000000, 0x00000000c9b80000, 0x00000000eab00000)
  object space 159232K, 24% used [0x00000000c0000000,0x00000000c26318c8,0x00000000c9b80000)
 Metaspace       used 85143K, capacity 89890K, committed 97328K, reserved 1134592K
  class space    used 10804K, capacity 11467K, committed 13104K, reserved 1048576K
Event: 9110.188 GC heap after
Heap after GC invocations=47 (full 16):
 PSYoungGen      total 311808K, used 7600K [0x00000000eab00000, 0x0000000100000000, 0x0000000100000000)
  eden space 274432K, 0% used [0x00000000eab00000,0x00000000eab00000,0x00000000fb700000)
  from space 37376K, 20% used [0x00000000fb700000,0x00000000fbe6c030,0x00000000fdb80000)
  to   space 35840K, 0% used [0x00000000fdd00000,0x00000000fdd00000,0x0000000100000000)
 ParOldGen       total 159232K, used 39110K [0x00000000c0000000, 0x00000000c9b80000, 0x00000000eab00000)
  object space 159232K, 24% used [0x00000000c0000000,0x00000000c26318c8,0x00000000c9b80000)
 Metaspace       used 85143K, capacity 89890K, committed 97328K, reserved 1134592K
  class space    used 10804K, capacity 11467K, committed 13104K, reserved 1048576K
}
Event: 9110.188 GC heap before
{Heap before GC invocations=48 (full 17):
 PSYoungGen      total 311808K, used 7600K [0x00000000eab00000, 0x0000000100000000, 0x0000000100000000)
  eden space 274432K, 0% used [0x00000000eab00000,0x00000000eab00000,0x00000000fb700000)
  from space 37376K, 20% used [0x00000000fb700000,0x00000000fbe6c030,0x00000000fdb80000)
  to   space 35840K, 0% used [0x00000000fdd00000,0x00000000fdd00000,0x0000000100000000)
 ParOldGen       total 159232K, used 39110K [0x00000000c0000000, 0x00000000c9b80000, 0x00000000eab00000)
  object space 159232K, 24% used [0x00000000c0000000,0x00000000c26318c8,0x00000000c9b80000)
 Metaspace       used 85143K, capacity 89890K, committed 97328K, reserved 1134592K
  class space    used 10804K, capacity 11467K, committed 13104K, reserved 1048576K
Event: 9111.590 GC heap after
Heap after GC invocations=48 (full 17):
 PSYoungGen      total 311808K, used 0K [0x00000000eab00000, 0x0000000100000000, 0x0000000100000000)
  eden space 274432K, 0% used [0x00000000eab00000,0x00000000eab00000,0x00000000fb700000)
  from space 37376K, 0% used [0x00000000fb700000,0x00000000fb700000,0x00000000fdb80000)
  to   space 35840K, 0% used [0x00000000fdd00000,0x00000000fdd00000,0x0000000100000000)
 ParOldGen       total 159232K, used 44729K [0x00000000c0000000, 0x00000000c9b80000, 0x00000000eab00000)
  object space 159232K, 28% used [0x00000000c0000000,0x00000000c2bae610,0x00000000c9b80000)
 Metaspace       used 85143K, capacity 89890K, committed 97328K, reserved 1134592K
  class space    used 10804K, capacity 11467K, committed 13104K, reserved 1048576K
}
Event: 11849.155 GC heap before
{Heap before GC invocations=49 (full 17):
 PSYoungGen      total 311808K, used 182715K [0x00000000eab00000, 0x0000000100000000, 0x0000000100000000)
  eden space 274432K, 66% used [0x00000000eab00000,0x00000000f5d6eec8,0x00000000fb700000)
  from space 37376K, 0% used [0x00000000fb700000,0x00000000fb700000,0x00000000fdb80000)
  to   space 35840K, 0% used [0x00000000fdd00000,0x00000000fdd00000,0x0000000100000000)
 ParOldGen       total 159232K, used 44729K [0x00000000c0000000, 0x00000000c9b80000, 0x00000000eab00000)
  object space 159232K, 28% used [0x00000000c0000000,0x00000000c2bae610,0x00000000c9b80000)
 Metaspace       used 87137K, capacity 92848K, committed 97328K, reserved 1134592K
  class space    used 11188K, capacity 12112K, committed 13104K, reserved 1048576K
Event: 11849.179 GC heap after
Heap after GC invocations=49 (full 17):
 PSYoungGen      total 315392K, used 13034K [0x00000000eab00000, 0x0000000100000000, 0x0000000100000000)
  eden space 279552K, 0% used [0x00000000eab00000,0x00000000eab00000,0x00000000fbc00000)
  from space 35840K, 36% used [0x00000000fdd00000,0x00000000fe9baa38,0x0000000100000000)
  to   space 33792K, 0% used [0x00000000fbc00000,0x00000000fbc00000,0x00000000fdd00000)
 ParOldGen       total 159232K, used 44737K [0x00000000c0000000, 0x00000000c9b80000, 0x00000000eab00000)
  object space 159232K, 28% used [0x00000000c0000000,0x00000000c2bb0610,0x00000000c9b80000)
 Metaspace       used 87137K, capacity 92848K, committed 97328K, reserved 1134592K
  class space    used 11188K, capacity 12112K, committed 13104K, reserved 1048576K
}
Event: 11849.179 GC heap before
{Heap before GC invocations=50 (full 18):
 PSYoungGen      total 315392K, used 13034K [0x00000000eab00000, 0x0000000100000000, 0x0000000100000000)
  eden space 279552K, 0% used [0x00000000eab00000,0x00000000eab00000,0x00000000fbc00000)
  from space 35840K, 36% used [0x00000000fdd00000,0x00000000fe9baa38,0x0000000100000000)
  to   space 33792K, 0% used [0x00000000fbc00000,0x00000000fbc00000,0x00000000fdd00000)
 ParOldGen       total 159232K, used 44737K [0x00000000c0000000, 0x00000000c9b80000, 0x00000000eab00000)
  object space 159232K, 28% used [0x00000000c0000000,0x00000000c2bb0610,0x00000000c9b80000)
 Metaspace       used 87137K, capacity 92848K, committed 97328K, reserved 1134592K
  class space    used 11188K, capacity 12112K, committed 13104K, reserved 1048576K
Event: 11849.784 GC heap after
Heap after GC invocations=50 (full 18):
 PSYoungGen      total 315392K, used 0K [0x00000000eab00000, 0x0000000100000000, 0x0000000100000000)
  eden space 279552K, 0% used [0x00000000eab00000,0x00000000eab00000,0x00000000fbc00000)
  from space 35840K, 0% used [0x00000000fdd00000,0x00000000fdd00000,0x0000000100000000)
  to   space 33792K, 0% used [0x00000000fbc00000,0x00000000fbc00000,0x00000000fdd00000)
 ParOldGen       total 159232K, used 39164K [0x00000000c0000000, 0x00000000c9b80000, 0x00000000eab00000)
  object space 159232K, 24% used [0x00000000c0000000,0x00000000c263f260,0x00000000c9b80000)
 Metaspace       used 85028K, capacity 89634K, committed 97328K, reserved 1134592K
  class space    used 10761K, capacity 11383K, committed 13104K, reserved 1048576K
}
Event: 13182.518 GC heap before
{Heap before GC invocations=51 (full 18):
 PSYoungGen      total 315392K, used 279552K [0x00000000eab00000, 0x0000000100000000, 0x0000000100000000)
  eden space 279552K, 100% used [0x00000000eab00000,0x00000000fbc00000,0x00000000fbc00000)
  from space 35840K, 0% used [0x00000000fdd00000,0x00000000fdd00000,0x0000000100000000)
  to   space 33792K, 0% used [0x00000000fbc00000,0x00000000fbc00000,0x00000000fdd00000)
 ParOldGen       total 159232K, used 39164K [0x00000000c0000000, 0x00000000c9b80000, 0x00000000eab00000)
  object space 159232K, 24% used [0x00000000c0000000,0x00000000c263f260,0x00000000c9b80000)
 Metaspace       used 85746K, capacity 90830K, committed 97328K, reserved 1134592K
  class space    used 10891K, capacity 11623K, committed 13104K, reserved 1048576K
Event: 13182.694 GC heap after
Heap after GC invocations=51 (full 18):
 PSYoungGen      total 291328K, used 11344K [0x00000000eab00000, 0x00000000ffa00000, 0x0000000100000000)
  eden space 279552K, 0% used [0x00000000eab00000,0x00000000eab00000,0x00000000fbc00000)
  from space 11776K, 96% used [0x00000000fbc00000,0x00000000fc714010,0x00000000fc780000)
  to   space 31744K, 0% used [0x00000000fdb00000,0x00000000fdb00000,0x00000000ffa00000)
 ParOldGen       total 159232K, used 39164K [0x00000000c0000000, 0x00000000c9b80000, 0x00000000eab00000)
  object space 159232K, 24% used [0x00000000c0000000,0x00000000c263f260,0x00000000c9b80000)
 Metaspace       used 85746K, capacity 90830K, committed 97328K, reserved 1134592K
  class space    used 10891K, capacity 11623K, committed 13104K, reserved 1048576K
}

